<?xml version="1.0" encoding="UTF-8"?>
<!-- Generated by org.testng.reporters.JUnitReportReporter -->
<testsuite hostname="LAPTOP-TDU9CTLD" failures="0" tests="1" name="com.testmethod.programs.WevaScripts" time="5.525" errors="0" timestamp="2023-11-08T14:22:56 IST" skipped="0">
  <testcase classname="com.testmethod.programs.WevaScripts" name="LoginTest_single" time="5.525"/>
</testsuite> <!-- com.testmethod.programs.WevaScripts -->
