<?xml version="1.0" encoding="UTF-8"?>
<!-- Generated by org.testng.reporters.JUnitReportReporter -->
<testsuite hostname="LAPTOP-TDU9CTLD" failures="0" tests="2" name="com.testmethod.programs.testclass" time="14.710" errors="0" timestamp="2023-12-09T18:10:47 IST" skipped="0">
  <testcase classname="com.testmethod.programs.testclass" name="LoginTest_single_two" time="7.324"/>
  <testcase classname="com.testmethod.programs.testclass" name="LoginTest_single" time="7.386"/>
</testsuite> <!-- com.testmethod.programs.testclass -->
