<?xml version="1.0" encoding="UTF-8"?>
<!-- Generated by org.testng.reporters.JUnitReportReporter -->
<testsuite hostname="LAPTOP-TDU9CTLD" failures="0" tests="1" name="com.testmethod.programs.WevaLogin" time="20.757" errors="0" timestamp="2023-11-18T15:33:41 IST" skipped="0">
  <testcase classname="com.testmethod.programs.WevaLogin" name="LoginTest" time="20.757"/>
</testsuite> <!-- com.testmethod.programs.WevaLogin -->
