<?xml version="1.0" encoding="UTF-8"?>
<!-- Generated by org.testng.reporters.JUnitReportReporter -->
<testsuite hostname="LAPTOP-TDU9CTLD" failures="0" tests="2" name="com.testmethod.programs.WevaScripts_MultiBrowser" time="70.677" errors="0" timestamp="2023-12-09T16:32:43 IST" skipped="0">
  <testcase classname="com.testmethod.programs.WevaScripts_MultiBrowser" name="LoginTest_single_two" time="51.726"/>
  <testcase classname="com.testmethod.programs.WevaScripts_MultiBrowser" name="LoginTest_single" time="18.951"/>
</testsuite> <!-- com.testmethod.programs.WevaScripts_MultiBrowser -->
