<?xml version="1.0" encoding="UTF-8"?>
<!-- Generated by org.testng.reporters.JUnitReportReporter -->
<testsuite hostname="LAPTOP-TDU9CTLD" failures="0" tests="2" name="com.testmethod.programs.WevaScripts" time="28.570" errors="0" timestamp="2023-12-27T21:48:46 IST" skipped="0">
  <testcase classname="com.testmethod.programs.WevaScripts" name="LoginTest_single" time="13.730"/>
  <testcase classname="com.testmethod.programs.WevaScripts" name="LoginTest_single_two" time="14.840"/>
</testsuite> <!-- com.testmethod.programs.WevaScripts -->
